d:\users\tom\downloads\sit255 assignment 2\tanked\tanked\obj\debug\vc140.pdb
d:\users\tom\downloads\sit255 assignment 2\tanked\tanked\obj\debug\vc140.idb
d:\users\tom\downloads\sit255 assignment 2\tanked\tanked\obj\debug\actor.obj
d:\users\tom\downloads\sit255 assignment 2\tanked\tanked\obj\debug\actorfactory.obj
d:\users\tom\downloads\sit255 assignment 2\tanked\tanked\obj\debug\collisionevent.obj
d:\users\tom\downloads\sit255 assignment 2\tanked\tanked\obj\debug\effectactor.obj
d:\users\tom\downloads\sit255 assignment 2\tanked\tanked\obj\debug\enemy.obj
d:\users\tom\downloads\sit255 assignment 2\tanked\tanked\obj\debug\eventmanager.obj
d:\users\tom\downloads\sit255 assignment 2\tanked\tanked\obj\debug\inputevent.obj
d:\users\tom\downloads\sit255 assignment 2\tanked\tanked\obj\debug\itemactor.obj
d:\users\tom\downloads\sit255 assignment 2\tanked\tanked\obj\debug\player.obj
d:\users\tom\downloads\sit255 assignment 2\tanked\tanked\obj\debug\scenemanager.obj
d:\users\tom\downloads\sit255 assignment 2\tanked\tanked\obj\debug\main.obj
d:\users\tom\downloads\sit255 assignment 2\tanked\tanked\obj\debug\geometry.obj
d:\users\tom\downloads\sit255 assignment 2\tanked\tanked\obj\debug\inputstate.obj
d:\users\tom\downloads\sit255 assignment 2\tanked\tanked\obj\debug\wincanvas.obj
d:\users\tom\downloads\sit255 assignment 2\tanked\tanked\obj\debug\wintexture.obj
d:\users\tom\downloads\sit255 assignment 2\tanked\tanked\obj\debug\texturedactor.obj
d:\users\tom\downloads\sit255 assignment 2\tanked\tanked\bin\debug\tanked.ilk
d:\users\tom\downloads\sit255 assignment 2\tanked\tanked\bin\debug\tanked.exe
d:\users\tom\downloads\sit255 assignment 2\tanked\tanked\bin\debug\tanked.pdb
d:\users\tom\downloads\sit255 assignment 2\tanked\tanked\obj\debug\tanked.res
d:\users\tom\downloads\sit255 assignment 2\tanked\tanked\obj\debug\tanked.tlog\cl.command.1.tlog
d:\users\tom\downloads\sit255 assignment 2\tanked\tanked\obj\debug\tanked.tlog\cl.read.1.tlog
d:\users\tom\downloads\sit255 assignment 2\tanked\tanked\obj\debug\tanked.tlog\cl.write.1.tlog
d:\users\tom\downloads\sit255 assignment 2\tanked\tanked\obj\debug\tanked.tlog\link.command.1.tlog
d:\users\tom\downloads\sit255 assignment 2\tanked\tanked\obj\debug\tanked.tlog\link.read.1.tlog
d:\users\tom\downloads\sit255 assignment 2\tanked\tanked\obj\debug\tanked.tlog\link.write.1.tlog
d:\users\tom\downloads\sit255 assignment 2\tanked\tanked\obj\debug\tanked.tlog\rc.command.1.tlog
d:\users\tom\downloads\sit255 assignment 2\tanked\tanked\obj\debug\tanked.tlog\rc.read.1.tlog
d:\users\tom\downloads\sit255 assignment 2\tanked\tanked\obj\debug\tanked.tlog\rc.write.1.tlog
